<?xml version="1.0" encoding="UTF-8"?>
<!-- Generated by org.testng.reporters.JUnitReportReporter -->
<testsuite hostname="Ajay-Az" failures="0" tests="1" name="AutomationScripts.TC_ResumeBuilder_001Test" time="26.694" errors="0" timestamp="2022-03-01T16:36:14 IST" skipped="0">
  <testcase classname="AutomationScripts.TC_ResumeBuilder_001Test" name="CreatingResume" time="26.694"/>
  <system-out>
Profile page is displayed succesfully  </system-out>
</testsuite> <!-- AutomationScripts.TC_ResumeBuilder_001Test -->
