<?xml version="1.0" encoding="UTF-8"?>
<!-- Generated by org.testng.reporters.JUnitReportReporter -->
<testsuite hostname="Ajay-Az" failures="0" tests="1" name="AutomationScripts.TC_ResumeBuilder_002" time="16.727" errors="0" timestamp="2022-03-01T09:47:33 IST" skipped="0">
  <testcase classname="AutomationScripts.TC_ResumeBuilder_002" name="ModifingResume" time="16.727"/>
  <system-out/>
</testsuite> <!-- AutomationScripts.TC_ResumeBuilder_002 -->
