<?xml version="1.0" encoding="UTF-8"?>
<!-- Generated by org.testng.reporters.JUnitReportReporter -->
<testsuite hostname="Ajay-Az" failures="0" tests="1" name="AutomationScripts.TC_ResumeBuilder_002Test" time="27.905" errors="0" timestamp="2022-03-01T13:45:08 IST" skipped="0">
  <testcase classname="AutomationScripts.TC_ResumeBuilder_002Test" name="ModifingResume" time="27.905"/>
  <system-out/>
</testsuite> <!-- AutomationScripts.TC_ResumeBuilder_002Test -->
