<?xml version="1.0" encoding="UTF-8"?>
<!-- Generated by org.testng.reporters.JUnitReportReporter -->
<testsuite hostname="Ajay-Az" failures="0" tests="1" name="resumeBuilderScripts.TC_ResumeBuilder_001Test" time="17.276" errors="0" timestamp="2022-03-03T09:14:07 IST" skipped="0">
  <testcase classname="resumeBuilderScripts.TC_ResumeBuilder_001Test" name="CreatingResume" time="17.276"/>
  <system-out>
Profile page is displayed succesfully  </system-out>
</testsuite> <!-- resumeBuilderScripts.TC_ResumeBuilder_001Test -->
