<?xml version="1.0" encoding="UTF-8"?>
<!-- Generated by org.testng.reporters.JUnitReportReporter -->
<testsuite hostname="Ajay-Az" failures="0" tests="1" name="resumeBuilderScripts.TC_ResumeBuilder_002Test" time="30.477" errors="0" timestamp="2022-03-03T09:14:07 IST" skipped="0">
  <testcase classname="resumeBuilderScripts.TC_ResumeBuilder_002Test" name="ModifingResume" time="30.477"/>
  <system-out/>
</testsuite> <!-- resumeBuilderScripts.TC_ResumeBuilder_002Test -->
