<?xml version="1.0" encoding="UTF-8"?>
<!-- Generated by org.testng.reporters.JUnitReportReporter -->
<testsuite hostname="Ajay-Az" failures="0" tests="1" name="resumeBuilderScripts.TC_ResumeBuilder_003Test" time="9.417" errors="0" timestamp="2022-03-03T09:14:07 IST" skipped="0">
  <testcase classname="resumeBuilderScripts.TC_ResumeBuilder_003Test" name="ModifingSkillsModule" time="9.417"/>
  <system-out/>
</testsuite> <!-- resumeBuilderScripts.TC_ResumeBuilder_003Test -->
