<?xml version="1.0" encoding="UTF-8"?>
<!-- Generated by org.testng.reporters.JUnitReportReporter -->
<testsuite hostname="Ajay-Az" failures="0" tests="1" name="AutomationScripts.TC_ResumeBuilder_001" time="26.596" errors="0" timestamp="2022-03-01T09:24:57 IST" skipped="0">
  <testcase classname="AutomationScripts.TC_ResumeBuilder_001" name="CreatingResume" time="26.596"/>
  <system-out/>
</testsuite> <!-- AutomationScripts.TC_ResumeBuilder_001 -->
