<?xml version="1.0" encoding="UTF-8"?>
<!-- Generated by org.testng.reporters.JUnitReportReporter -->
<testsuite hostname="Ajay-Az" failures="0" tests="1" name="AutomationScripts.TC_ResumeBuilder_003Test" time="9.667" errors="0" timestamp="2022-03-01T13:50:16 IST" skipped="0">
  <testcase classname="AutomationScripts.TC_ResumeBuilder_003Test" name="ModifingSkillsModule" time="9.667"/>
  <system-out/>
</testsuite> <!-- AutomationScripts.TC_ResumeBuilder_003Test -->
